<?xml version="1.0" encoding="utf-8"?><testsuites name="pytest tests"><testsuite name="pytest" errors="0" failures="0" skipped="0" tests="28" time="11.345" timestamp="2026-07-18T19:30:15.616520+00:00" hostname="agent-env-b1ac80c1-1b95-43f4-8ce7-17e6d6bfbf84"><testcase classname="tests.test_refactor_regression.TestServices" name="test_public_list" time="0.184" /><testcase classname="tests.test_refactor_regression.TestAuth" name="test_login_returns_token_and_user" time="0.458" /><testcase classname="tests.test_refactor_regression.TestAuth" name="test_me_returns_superadmin_with_perms" time="0.253" /><testcase classname="tests.test_refactor_regression.TestServices" name="test_all_flag" time="0.629" /><testcase classname="tests.test_refactor_regression.TestAuth" name="test_me_unauth" time="0.101" /><testcase classname="tests.test_refactor_regression.TestAuth" name="test_profile_update_name" time="0.471" /><testcase classname="tests.test_refactor_regression.TestServices" name="test_get_by_slug" time="0.224" /><testcase classname="tests.test_refactor_regression.TestServices" name="test_crud_gated" time="0.477" /><testcase classname="tests.test_refactor_regression.TestSettingsSEO" name="test_settings_sanitized" time="0.103" /><testcase classname="tests.test_refactor_regression.TestSettingsSEO" name="test_settings_update_gated" time="0.095" /><testcase classname="tests.test_refactor_regression.TestSettingsSEO" name="test_sitemap_xml" time="0.126" /><testcase classname="tests.test_refactor_regression.TestDocuments" name="test_documents_gated" time="0.149" /><testcase classname="tests.test_refactor_regression.TestSettingsSEO" name="test_robots" time="0.106" /><testcase classname="tests.test_refactor_regression.TestDocuments" name="test_documents_crud_and_share" time="0.415" /><testcase classname="tests.test_refactor_regression.TestQuotes" name="test_public_intake" time="0.265" /><testcase classname="tests.test_refactor_regression.TestQuotes" name="test_list_and_put_returns_updated" time="0.928" /><testcase classname="tests.test_refactor_regression.TestDocuments" name="test_ai_draft_returns_structure_or_clean_error" time="3.087" /><testcase classname="tests.test_refactor_regression.TestAIMisc" name="test_ai_status" time="0.114" /><testcase classname="tests.test_refactor_regression.TestAIMisc" name="test_calculate_public" time="0.107" /><testcase classname="tests.test_refactor_regression.TestRBAC" name="test_subadmin_without_perm_gets_403" time="1.584" /><testcase classname="tests.test_refactor_regression.TestRBAC" name="test_subadmin_with_perm_succeeds" time="1.312" /><testcase classname="tests.test_refactor_regression.TestAnalytics" name="test_track_public" time="0.309" /><testcase classname="tests.test_refactor_regression.TestAnalytics" name="test_analytics_gated" time="1.450" /><testcase classname="tests.test_refactor_regression.TestLockout" name="test_lockout_on_throwaway_subadmin" time="3.524" /><testcase classname="tests.test_refactor_regression.TestPortalApprove" name="test_approve_creates_notification" time="2.770" /><testcase classname="tests.test_refactor_regression.TestClientsPortal" name="test_clients_crud_and_portal" time="1.042" /><testcase classname="tests.test_refactor_regression.TestFiles" name="test_upload_list_delete_and_raw" time="0.846" /><testcase classname="tests.test_refactor_regression.TestSearch" name="test_search_shape" time="0.238" /></testsuite></testsuites>