<?xml version="1.0" encoding="utf-8"?><testsuites name="pytest tests"><testsuite name="pytest" errors="0" failures="0" skipped="0" tests="22" time="5.334" timestamp="2026-07-18T20:35:38.177582+00:00" hostname="agent-env-b1ac80c1-1b95-43f4-8ce7-17e6d6bfbf84"><testcase classname="tests.test_iter13_updates_audit.TestAuth" name="test_superadmin_login_and_me" time="0.620" /><testcase classname="tests.test_iter13_updates_audit.TestUpdatesRBAC" name="test_updates_status_unauth_401" time="0.106" /><testcase classname="tests.test_iter13_updates_audit.TestUpdatesRBAC" name="test_updates_check_unauth_401" time="0.102" /><testcase classname="tests.test_iter13_updates_audit.TestUpdatesRBAC" name="test_subadmin_forbidden_status" time="0.820" /><testcase classname="tests.test_iter13_updates_audit.TestUpdatesRBAC" name="test_subadmin_forbidden_check" time="0.108" /><testcase classname="tests.test_iter13_updates_audit.TestUpdatesRBAC" name="test_subadmin_forbidden_mark_current" time="0.145" /><testcase classname="tests.test_iter13_updates_audit.TestUpdatesRBAC" name="test_subadmin_forbidden_apply" time="0.104" /><testcase classname="tests.test_iter13_updates_audit.TestUpdatesFlow" name="test_configure_repo_and_check" time="0.628" /><testcase classname="tests.test_iter13_updates_audit.TestUpdatesFlow" name="test_settings_hides_update_token" time="0.322" /><testcase classname="tests.test_iter13_updates_audit.TestUpdatesFlow" name="test_updates_status_shape" time="0.118" /><testcase classname="tests.test_iter13_updates_audit.TestUpdatesFlow" name="test_updates_apply_managed" time="0.139" /><testcase classname="tests.test_iter13_updates_audit.TestUpdatesFlow" name="test_mark_current_when_no_latest" time="0.128" /><testcase classname="tests.test_iter13_updates_audit.TestAudit" name="test_audit_list_superadmin" time="0.105" /><testcase classname="tests.test_iter13_updates_audit.TestAudit" name="test_audit_list_filters" time="0.117" /><testcase classname="tests.test_iter13_updates_audit.TestAudit" name="test_audit_csv_superadmin" time="0.101" /><testcase classname="tests.test_iter13_updates_audit.TestAudit" name="test_audit_csv_forbidden_subadmin" time="0.136" /><testcase classname="tests.test_iter13_updates_audit.TestAudit" name="test_audit_list_forbidden_subadmin" time="0.100" /><testcase classname="tests.test_iter13_updates_audit.TestPersistence" name="test_settings_persist_tagline" time="0.299" /><testcase classname="tests.test_iter13_updates_audit.TestRegressions" name="test_subadmin_no_crm_forbidden" time="0.102" /><testcase classname="tests.test_iter13_updates_audit.TestRegressions" name="test_sitemap" time="0.137" /><testcase classname="tests.test_iter13_updates_audit.TestRegressions" name="test_robots" time="0.106" /><testcase classname="tests.test_iter13_updates_audit.TestRegressions" name="test_seo_ping_superadmin" time="0.708" /></testsuite></testsuites>