<?xml version="1.0" encoding="utf-8"?><testsuites name="pytest tests"><testsuite name="pytest" errors="0" failures="0" skipped="0" tests="17" time="7.538" timestamp="2026-07-22T00:07:56.947558+00:00" hostname="agent-env-b1ac80c1-1b95-43f4-8ce7-17e6d6bfbf84"><testcase classname="tests.test_iter15_research" name="test_permissions_includes_research" time="0.659" /><testcase classname="tests.test_iter15_research" name="test_scrape_success_superadmin" time="0.396" /><testcase classname="tests.test_iter15_research" name="test_scrape_403_without_perm" time="1.324" /><testcase classname="tests.test_iter15_research" name="test_list_403_without_perm" time="0.145" /><testcase classname="tests.test_iter15_research" name="test_delete_403_without_perm" time="0.100" /><testcase classname="tests.test_iter15_research" name="test_scrape_401_unauthenticated" time="0.127" /><testcase classname="tests.test_iter15_research" name="test_list_401_unauthenticated" time="0.104" /><testcase classname="tests.test_iter15_research" name="test_sub_with_perm_can_use" time="1.213" /><testcase classname="tests.test_iter15_research" name="test_scrape_empty_urls_400" time="0.103" /><testcase classname="tests.test_iter15_research" name="test_render_without_key_returns_error" time="0.378" /><testcase classname="tests.test_iter15_research" name="test_robots_no_crash" time="0.254" /><testcase classname="tests.test_iter15_research" name="test_settings_scraperapi_write_only" time="0.685" /><testcase classname="tests.test_iter15_research" name="test_superadmin_login_works" time="0.318" /><testcase classname="tests.test_iter15_research" name="test_subadmin_without_crm_403" time="0.103" /><testcase classname="tests.test_iter15_research" name="test_sitemap_still_valid" time="0.104" /><testcase classname="tests.test_iter15_research" name="test_audit_superadmin_only" time="0.195" /><testcase classname="tests.test_iter15_research" name="test_scrape_writes_audit_entry" time="1.229" /></testsuite></testsuites>