<?xml version="1.0" encoding="utf-8"?><testsuites name="pytest tests"><testsuite name="pytest" errors="0" failures="0" skipped="0" tests="5" time="5.052" timestamp="2026-07-18T18:15:11.702424+00:00" hostname="agent-env-b1ac80c1-1b95-43f4-8ce7-17e6d6bfbf84"><testcase classname="tests.test_iter7_features" name="test_portal_token_with_expiry" time="2.353" /><testcase classname="tests.test_iter7_features" name="test_portal_expired_returns_404" time="0.363" /><testcase classname="tests.test_iter7_features" name="test_portal_approve_flow" time="0.453" /><testcase classname="tests.test_iter7_features" name="test_notifications_after_approval" time="0.444" /><testcase classname="tests.test_iter7_features" name="test_share_toggle_hides_from_portal" time="0.916" /></testsuite></testsuites>