<?xml version="1.0" encoding="utf-8"?><testsuites name="pytest tests"><testsuite name="pytest" errors="0" failures="0" skipped="0" tests="16" time="6.059" timestamp="2026-07-18T19:56:42.344866+00:00" hostname="agent-env-b1ac80c1-1b95-43f4-8ce7-17e6d6bfbf84"><testcase classname="tests.test_iter12_audit_seo.TestAuditAccess" name="test_audit_unauth_401" time="0.215" /><testcase classname="tests.test_iter12_audit_seo.TestAuditEntries" name="test_mutations_produce_audit" time="3.376" /><testcase classname="tests.test_iter12_audit_seo.TestAuditAccess" name="test_audit_subadmin_forbidden" time="1.434" /><testcase classname="tests.test_iter12_audit_seo.TestAuditAccess" name="test_audit_subadmin_with_seo_still_forbidden" time="0.772" /><testcase classname="tests.test_iter12_audit_seo.TestAuditAccess" name="test_audit_superadmin_ok" time="0.134" /><testcase classname="tests.test_iter12_audit_seo.TestSeoPing" name="test_seo_ping_subadmin_no_perm_403" time="0.118" /><testcase classname="tests.test_iter12_audit_seo.TestSeoPing" name="test_seo_ping_subadmin_with_perm_200" time="0.571" /><testcase classname="tests.test_iter12_audit_seo.TestSeoPing" name="test_seo_ping_superadmin_200_shape" time="0.433" /><testcase classname="tests.test_iter12_audit_seo.TestAuditEntries" name="test_audit_filter_entity" time="0.111" /><testcase classname="tests.test_iter12_audit_seo.TestAuditEntries" name="test_audit_filter_action" time="0.105" /><testcase classname="tests.test_iter12_audit_seo.TestIndexNowKeyFile" name="test_no_key_returns_404" time="0.419" /><testcase classname="tests.test_iter12_audit_seo.TestRegression" name="test_superadmin_login_works" time="0.332" /><testcase classname="tests.test_iter12_audit_seo.TestIndexNowKeyFile" name="test_configured_key_served" time="0.812" /><testcase classname="tests.test_iter12_audit_seo.TestRegression" name="test_rbac_clients_gated" time="1.006" /><testcase classname="tests.test_iter12_audit_seo.TestSettingsSanitization" name="test_secrets_not_leaked_and_seo_fields" time="0.346" /><testcase classname="tests.test_iter12_audit_seo.TestRegression" name="test_sitemap_and_robots" time="0.480" /></testsuite></testsuites>