<?xml version="1.0" encoding="utf-8"?><testsuites name="pytest tests"><testsuite name="pytest" errors="0" failures="0" skipped="0" tests="5" time="5.972" timestamp="2026-07-18T18:27:43.604494+00:00" hostname="agent-env-b1ac80c1-1b95-43f4-8ce7-17e6d6bfbf84"><testcase classname="tests.test_iter8_integrations" name="test_get_settings_sanitized" time="0.527" /><testcase classname="tests.test_iter8_integrations" name="test_put_settings_sanitized_and_persist" time="0.227" /><testcase classname="tests.test_iter8_integrations" name="test_put_settings_without_secret_keeps_existing" time="0.126" /><testcase classname="tests.test_iter8_integrations" name="test_portal_approve_with_fake_slack_webhook" time="2.716" /><testcase classname="tests.test_iter8_integrations" name="test_portal_approve_no_slack_when_disabled" time="2.311" /></testsuite></testsuites>