<?xml version="1.0" encoding="utf-8"?><testsuites name="pytest tests"><testsuite name="pytest" errors="0" failures="0" skipped="0" tests="28" time="91.966" timestamp="2026-07-18T21:18:44.816122+00:00" hostname="agent-env-b1ac80c1-1b95-43f4-8ce7-17e6d6bfbf84"><testcase classname="tests.test_iter14_backup.TestRegressions" name="test_super_login" time="0.422" /><testcase classname="tests.test_iter14_backup.TestBackupRBAC" name="test_unauth_config" time="0.156" /><testcase classname="tests.test_iter14_backup.TestBackupRBAC" name="test_unauth_download" time="0.258" /><testcase classname="tests.test_iter14_backup.TestBackupRBAC" name="test_unauth_save" time="0.109" /><testcase classname="tests.test_iter14_backup.TestBackupRBAC" name="test_unauth_server_get" time="0.241" /><testcase classname="tests.test_iter14_backup.TestBackupRBAC" name="test_unauth_server_delete" time="0.105" /><testcase classname="tests.test_iter14_backup.TestBackupRBAC" name="test_unauth_restore" time="0.266" /><testcase classname="tests.test_iter14_backup.TestRegressions" name="test_audit_superadmin_only" time="1.292" /><testcase classname="tests.test_iter14_backup.TestRegressions" name="test_audit_super_ok" time="0.106" /><testcase classname="tests.test_iter14_backup.TestRegressions" name="test_subadmin_without_crm_gets_403_on_clients" time="0.221" /><testcase classname="tests.test_iter14_backup.TestRegressions" name="test_sitemap" time="0.330" /><testcase classname="tests.test_iter14_backup.TestBackupRBAC" name="test_subadmin_config_403" time="1.379" /><testcase classname="tests.test_iter14_backup.TestRegressions" name="test_robots" time="0.097" /><testcase classname="tests.test_iter14_backup.TestPathTraversal" name="test_traversal_encoded" time="0.099" /><testcase classname="tests.test_iter14_backup.TestBackupRBAC" name="test_subadmin_download_403" time="0.109" /><testcase classname="tests.test_iter14_backup.TestPathTraversal" name="test_bad_prefix" time="0.106" /><testcase classname="tests.test_iter14_backup.TestBackupRBAC" name="test_subadmin_save_403" time="0.097" /><testcase classname="tests.test_iter14_backup.TestPathTraversal" name="test_delete_bad_prefix" time="0.106" /><testcase classname="tests.test_iter14_backup.TestBackupRBAC" name="test_subadmin_server_get_403" time="0.123" /><testcase classname="tests.test_iter14_backup.TestBackupDownload" name="test_download_no_files" time="0.135" /><testcase classname="tests.test_iter14_backup.TestBackupRBAC" name="test_subadmin_server_delete_403" time="0.119" /><testcase classname="tests.test_iter14_backup.TestBackupDownload" name="test_download_with_files" time="3.501" /><testcase classname="tests.test_iter14_backup.TestBackupRBAC" name="test_subadmin_restore_403" time="3.347" /><testcase classname="tests.test_iter14_backup.TestBackupConfig" name="test_config_shape" time="0.132" /><testcase classname="tests.test_iter14_backup.TestRestoreErrors" name="test_restore_empty" time="0.132" /><testcase classname="tests.test_iter14_backup.TestServerBackupRoundTrip" name="test_save_list_download_delete" time="56.372" /><testcase classname="tests.test_iter14_backup.TestRestoreErrors" name="test_restore_invalid_zip" time="55.799" /><testcase classname="tests.test_iter14_backup.TestRestoreRoundTrip" name="test_restore_preserves_client_and_login" time="28.552" /></testsuite></testsuites>