<?xml version="1.0" encoding="utf-8"?><testsuites name="pytest tests"><testsuite name="pytest" errors="0" failures="0" skipped="0" tests="17" time="7.961" timestamp="2026-07-18T18:57:59.900839+00:00" hostname="agent-env-b1ac80c1-1b95-43f4-8ce7-17e6d6bfbf84"><testcase classname="tests.test_rbac_gated_endpoints.TestSuperadminBasics" name="test_super_login_and_me" time="0.603" /><testcase classname="tests.test_rbac_gated_endpoints.TestSuperadminHitsGatedEndpoints" name="test_super_put_quote" time="0.847" /><testcase classname="tests.test_rbac_gated_endpoints.TestSuperadminHitsGatedEndpoints" name="test_super_list_files" time="0.114" /><testcase classname="tests.test_rbac_gated_endpoints.TestSuperadminHitsGatedEndpoints" name="test_super_upload_file" time="0.430" /><testcase classname="tests.test_rbac_gated_endpoints.TestSuperadminHitsGatedEndpoints" name="test_super_can_delete_created_records" time="1.129" /><testcase classname="tests.test_rbac_gated_endpoints.TestRestrictedSubAdmin403" name="test_put_quote_403" time="1.017" /><testcase classname="tests.test_rbac_gated_endpoints.TestRestrictedSubAdmin403" name="test_delete_quote_403" time="0.220" /><testcase classname="tests.test_rbac_gated_endpoints.TestRestrictedSubAdmin403" name="test_delete_service_403" time="0.220" /><testcase classname="tests.test_rbac_gated_endpoints.TestRestrictedSubAdmin403" name="test_delete_document_403" time="0.237" /><testcase classname="tests.test_rbac_gated_endpoints.TestRestrictedSubAdmin403" name="test_upload_file_403" time="0.105" /><testcase classname="tests.test_rbac_gated_endpoints.TestRestrictedSubAdmin403" name="test_list_files_403" time="0.112" /><testcase classname="tests.test_rbac_gated_endpoints.TestRestrictedSubAdmin403" name="test_delete_file_403" time="0.255" /><testcase classname="tests.test_rbac_gated_endpoints.TestPermittedSubAdmin" name="test_permitted_put_quote" time="0.865" /><testcase classname="tests.test_rbac_gated_endpoints.TestPermittedSubAdmin" name="test_permitted_list_files" time="0.093" /><testcase classname="tests.test_rbac_gated_endpoints.TestPermittedSubAdmin" name="test_permitted_upload_and_delete_file" time="0.460" /><testcase classname="tests.test_rbac_gated_endpoints.TestPermittedSubAdmin" name="test_permitted_delete_service_and_document" time="0.418" /><testcase classname="tests.test_rbac_gated_endpoints.TestPermittedSubAdmin" name="test_permitted_delete_quote_last" time="0.780" /></testsuite></testsuites>