<?xml version="1.0" encoding="utf-8"?><testsuites name="pytest tests"><testsuite name="pytest" errors="0" failures="0" skipped="0" tests="7" time="3.757" timestamp="2026-07-18T17:57:24.375491+00:00" hostname="agent-env-b1ac80c1-1b95-43f4-8ce7-17e6d6bfbf84"><testcase classname="tests.test_client_portal" name="test_generate_portal_token" time="0.665" /><testcase classname="tests.test_client_portal" name="test_public_portal_no_auth" time="0.098" /><testcase classname="tests.test_client_portal" name="test_portal_token_preserved_after_update" time="0.231" /><testcase classname="tests.test_client_portal" name="test_document_shows_in_portal" time="1.164" /><testcase classname="tests.test_client_portal" name="test_portal_isolation_other_client_docs_hidden" time="0.995" /><testcase classname="tests.test_client_portal" name="test_revoke_portal_token" time="0.316" /><testcase classname="tests.test_client_portal" name="test_invalid_portal_token_returns_404" time="0.228" /></testsuite></testsuites>