<?xml version="1.0" encoding="utf-8"?><testsuites name="pytest tests"><testsuite name="pytest" errors="0" failures="1" skipped="0" tests="18" time="39.219" timestamp="2026-07-18T16:36:27.567648+00:00" hostname="agent-env-b1ac80c1-1b95-43f4-8ce7-17e6d6bfbf84"><testcase classname="tests.backend_test" name="test_login_invalid" time="0.420" /><testcase classname="tests.backend_test" name="test_me" time="0.506" /><testcase classname="tests.backend_test" name="test_me_unauthorized" time="0.241" /><testcase classname="tests.backend_test" name="test_list_services_public" time="0.281" /><testcase classname="tests.backend_test" name="test_get_service_by_slug" time="0.194" /><testcase classname="tests.backend_test" name="test_service_crud" time="0.897" /><testcase classname="tests.backend_test" name="test_settings_get_and_update" time="0.424" /><testcase classname="tests.backend_test" name="test_settings_unauth" time="0.255" /><testcase classname="tests.backend_test" name="test_clients_crud" time="0.446" /><testcase classname="tests.backend_test" name="test_track_and_analytics" time="0.749" /><testcase classname="tests.backend_test" name="test_files_flow" time="31.672"><failure message="AssertionError: Internal Server Error&#10;assert 500 == 200&#10; +  where 500 = &lt;Response [500]&gt;.status_code">backend/tests/backend_test.py:195: in test_files_flow
    assert r.status_code == 200, r.text
E   AssertionError: Internal Server Error
E   assert 500 == 200
E    +  where 500 = &lt;Response [500]&gt;.status_code</failure></testcase><testcase classname="tests.backend_test" name="test_profile_update_name" time="0.211" /><testcase classname="tests.backend_test" name="test_profile_wrong_current_password" time="0.336" /><testcase classname="tests.backend_test" name="test_quote_create_public_no_images" time="0.181" /><testcase classname="tests.backend_test" name="test_quote_create_requires_name_email" time="0.232" /><testcase classname="tests.backend_test" name="test_quote_create_with_images_and_admin_flow" time="1.343" /><testcase classname="tests.backend_test" name="test_quotes_list_requires_auth" time="0.148" /><testcase classname="tests.backend_test" name="test_analytics_overview_has_quote_counts" time="0.104" /></testsuite></testsuites>