<?xml version="1.0" encoding="utf-8"?><testsuites name="pytest tests"><testsuite name="pytest" errors="0" failures="0" skipped="0" tests="5" time="5.381" timestamp="2026-07-18T17:44:31.766263+00:00" hostname="agent-env-b1ac80c1-1b95-43f4-8ce7-17e6d6bfbf84"><testcase classname="tests.test_iter5_features" name="test_hs_code_persists_on_document" time="0.847" /><testcase classname="tests.test_iter5_features" name="test_ai_draft_returns_hs_code_field" time="1.900" /><testcase classname="tests.test_iter5_features" name="test_pdf_direct_download_after_generate" time="1.175" /><testcase classname="tests.test_iter5_features" name="test_integrations_email_settings_persist_and_sanitize" time="0.844" /><testcase classname="tests.test_iter5_features" name="test_settings_put_requires_auth" time="0.120" /></testsuite></testsuites>