<?xml version="1.0" encoding="utf-8"?><testsuites name="pytest tests"><testsuite name="pytest" errors="0" failures="1" skipped="0" tests="12" time="5.990" timestamp="2026-07-18T18:45:50.528791+00:00" hostname="agent-env-b1ac80c1-1b95-43f4-8ce7-17e6d6bfbf84"><testcase classname="tests.test_rbac.TestSuperAdmin" name="test_login" time="0.372" /><testcase classname="tests.test_rbac.TestSuperAdmin" name="test_me_role_and_permissions" time="0.130" /><testcase classname="tests.test_rbac.TestSuperAdmin" name="test_super_can_list_users" time="0.109" /><testcase classname="tests.test_rbac.TestSuperAdmin" name="test_super_can_access_all_sections" time="0.546" /><testcase classname="tests.test_rbac.TestSuperAdmin" name="test_super_cannot_be_modified" time="0.457" /><testcase classname="tests.test_rbac.TestSubAdmin" name="test_sub_login_and_me" time="0.999" /><testcase classname="tests.test_rbac.TestSubAdmin" name="test_sub_allowed_endpoints" time="0.307" /><testcase classname="tests.test_rbac.TestSubAdmin" name="test_sub_denied_endpoints" time="0.438" /><testcase classname="tests.test_rbac.TestSubAdmin" name="test_sub_cannot_create_users" time="0.129" /><testcase classname="tests.test_rbac.TestEditAndDisable" name="test_edit_permissions_persist" time="0.310"><failure message="AssertionError: assert 200 == 403&#10; +  where 200 = &lt;Response [200]&gt;.status_code&#10; +    where &lt;Response [200]&gt; = &lt;function get at 0xfb9e9b196c00&gt;('https://cargo-command-58.preview.emergentagent.com/api/clients', headers={'Authorization': 'Bearer eyJhbGciOiJIUzI1NiIsInR5cCI6IkpXVCJ9.eyJzdWIiOiI2YTViYzllMGNiNTNhYzJkMmExMWU3YWMiLCJlbWFpbCI6ImNybXRlc3RAZXhkLmNvbSIsImV4cCI6MTc4NTAwNTE1MywidHlwZSI6ImFjY2VzcyJ9.6mA_o2Hk6BTsYUn1hRgPQRIJvNFsKwi3mnGXeve8ekM'})&#10; +      where &lt;function get at 0xfb9e9b196c00&gt; = requests.get">backend/tests/test_rbac.py:130: in test_edit_permissions_persist
    assert requests.get(f"{API}/clients", headers=sh).status_code == 403
E   AssertionError: assert 200 == 403
E    +  where 200 = &lt;Response [200]&gt;.status_code
E    +    where &lt;Response [200]&gt; = &lt;function get at 0xfb9e9b196c00&gt;('https://cargo-command-58.preview.emergentagent.com/api/clients', headers={'Authorization': 'Bearer eyJhbGciOiJIUzI1NiIsInR5cCI6IkpXVCJ9.eyJzdWIiOiI2YTViYzllMGNiNTNhYzJkMmExMWU3YWMiLCJlbWFpbCI6ImNybXRlc3RAZXhkLmNvbSIsImV4cCI6MTc4NTAwNTE1MywidHlwZSI6ImFjY2VzcyJ9.6mA_o2Hk6BTsYUn1hRgPQRIJvNFsKwi3mnGXeve8ekM'})
E    +      where &lt;function get at 0xfb9e9b196c00&gt; = requests.get</failure></testcase><testcase classname="tests.test_rbac.TestEditAndDisable" name="test_reset_password" time="1.340" /><testcase classname="tests.test_rbac.TestEditAndDisable" name="test_disable_account_blocks_login" time="0.771" /></testsuite></testsuites>