<?xml version="1.0" encoding="utf-8"?><testsuites name="pytest tests"><testsuite name="pytest" errors="0" failures="0" skipped="0" tests="13" time="5.441" timestamp="2026-07-18T17:19:21.632784+00:00" hostname="agent-env-b1ac80c1-1b95-43f4-8ce7-17e6d6bfbf84"><testcase classname="tests.test_new_features" name="test_settings_get_sanitizes_ai_own_key" time="1.202" /><testcase classname="tests.test_new_features" name="test_ai_status" time="0.124" /><testcase classname="tests.test_new_features" name="test_ai_status_requires_auth" time="0.122" /><testcase classname="tests.test_new_features" name="test_calculate_ocean" time="0.105" /><testcase classname="tests.test_new_features" name="test_calculate_air_multiplier" time="0.096" /><testcase classname="tests.test_new_features" name="test_document_create_and_generate_pdf" time="1.411" /><testcase classname="tests.test_new_features" name="test_document_generate_404" time="0.104" /><testcase classname="tests.test_new_features" name="test_documents_requires_auth" time="0.101" /><testcase classname="tests.test_new_features" name="test_search_empty" time="0.102" /><testcase classname="tests.test_new_features" name="test_search_acme_seed" time="0.246" /><testcase classname="tests.test_new_features" name="test_search_requires_auth" time="0.104" /><testcase classname="tests.test_new_features" name="test_ai_chat_public_streams" time="1.127" /><testcase classname="tests.test_new_features" name="test_ai_chat_admin_requires_auth" time="0.105" /></testsuite></testsuites>