<?xml version="1.0" encoding="utf-8"?><testsuites name="pytest tests"><testsuite name="pytest" errors="0" failures="0" skipped="0" tests="13" time="5.661" timestamp="2026-07-18T16:13:21.595453+00:00" hostname="agent-env-b1ac80c1-1b95-43f4-8ce7-17e6d6bfbf84"><testcase classname="tests.backend_test" name="test_login_invalid" time="0.469" /><testcase classname="tests.backend_test" name="test_me" time="0.520" /><testcase classname="tests.backend_test" name="test_me_unauthorized" time="0.101" /><testcase classname="tests.backend_test" name="test_list_services_public" time="0.151" /><testcase classname="tests.backend_test" name="test_get_service_by_slug" time="0.217" /><testcase classname="tests.backend_test" name="test_service_crud" time="0.602" /><testcase classname="tests.backend_test" name="test_settings_get_and_update" time="0.419" /><testcase classname="tests.backend_test" name="test_settings_unauth" time="0.105" /><testcase classname="tests.backend_test" name="test_clients_crud" time="0.465" /><testcase classname="tests.backend_test" name="test_track_and_analytics" time="0.802" /><testcase classname="tests.backend_test" name="test_files_flow" time="0.822" /><testcase classname="tests.backend_test" name="test_profile_update_name" time="0.124" /><testcase classname="tests.backend_test" name="test_profile_wrong_current_password" time="0.332" /></testsuite></testsuites>